0 info it worked if it ends with ok
1 verbose cli [ '/usr/bin/nodejs', '/usr/bin/npm', 'install' ]
2 info using npm@3.5.2
3 info using node@v4.2.6
4 silly loadCurrentTree Starting
5 silly install loadCurrentTree
6 silly install readLocalPackageData
7 silly install normalizeTree
8 silly loadCurrentTree Finishing
9 silly loadIdealTree Starting
10 silly install loadIdealTree
11 silly cloneCurrentTree Starting
12 silly install cloneCurrentTreeToIdealTree
13 silly cloneCurrentTree Finishing
14 silly loadShrinkwrap Starting
15 silly install loadShrinkwrap
16 silly loadShrinkwrap Finishing
17 silly loadAllDepsIntoIdealTree Starting
18 silly install loadAllDepsIntoIdealTree
19 silly fetchNamedPackageData phantomjs-prebuilt
20 silly mapToRegistry name phantomjs-prebuilt
21 silly mapToRegistry using default registry
22 silly mapToRegistry registry https://registry.npmjs.org/
23 silly mapToRegistry uri https://registry.npmjs.org/phantomjs-prebuilt
24 verbose request uri https://registry.npmjs.org/phantomjs-prebuilt
25 verbose request no auth needed
26 info attempt registry request try #1 at 2:09:14 AM
27 verbose request id 889f59405535a941
28 verbose etag "5a9fb7f3-a79d"
29 verbose lastModified Wed, 7 Mar 2018 9:59:15 GMT
30 http request GET https://registry.npmjs.org/phantomjs-prebuilt
31 http 304 https://registry.npmjs.org/phantomjs-prebuilt
32 verbose headers { date: 'Sun, 25 Mar 2018 02:09:15 GMT',
32 verbose headers   via: '1.1 varnish',
32 verbose headers   'cache-control': 'max-age=300',
32 verbose headers   etag: '"5a9fb7f3-a79d"',
32 verbose headers   age: '4293',
32 verbose headers   connection: 'keep-alive',
32 verbose headers   'x-served-by': 'cache-atl6245-ATL',
32 verbose headers   'x-cache': 'HIT',
32 verbose headers   'x-cache-hits': '1',
32 verbose headers   'x-timer': 'S1521943755.338598,VS0,VE1',
32 verbose headers   vary: 'Accept-Encoding, Accept' }
33 silly get cb [ 304,
33 silly get   { date: 'Sun, 25 Mar 2018 02:09:15 GMT',
33 silly get     via: '1.1 varnish',
33 silly get     'cache-control': 'max-age=300',
33 silly get     etag: '"5a9fb7f3-a79d"',
33 silly get     age: '4293',
33 silly get     connection: 'keep-alive',
33 silly get     'x-served-by': 'cache-atl6245-ATL',
33 silly get     'x-cache': 'HIT',
33 silly get     'x-cache-hits': '1',
33 silly get     'x-timer': 'S1521943755.338598,VS0,VE1',
33 silly get     vary: 'Accept-Encoding, Accept' } ]
34 verbose etag https://registry.npmjs.org/phantomjs-prebuilt from cache
35 verbose get saving phantomjs-prebuilt to /root/.npm/registry.npmjs.org/phantomjs-prebuilt/.cache.json
36 silly resolveWithNewModule phantomjs-prebuilt@2.1.16 checking installable status
37 silly cache add args [ 'phantomjs-prebuilt@^2.1.16', null ]
38 verbose cache add spec phantomjs-prebuilt@^2.1.16
39 silly cache add parsed spec Result {
39 silly cache add   raw: 'phantomjs-prebuilt@^2.1.16',
39 silly cache add   scope: null,
39 silly cache add   name: 'phantomjs-prebuilt',
39 silly cache add   rawSpec: '^2.1.16',
39 silly cache add   spec: '>=2.1.16 <3.0.0',
39 silly cache add   type: 'range' }
40 silly addNamed phantomjs-prebuilt@>=2.1.16 <3.0.0
41 verbose addNamed ">=2.1.16 <3.0.0" is a valid semver range for phantomjs-prebuilt
42 silly addNameRange { name: 'phantomjs-prebuilt',
42 silly addNameRange   range: '>=2.1.16 <3.0.0',
42 silly addNameRange   hasData: false }
43 silly mapToRegistry name phantomjs-prebuilt
44 silly mapToRegistry using default registry
45 silly mapToRegistry registry https://registry.npmjs.org/
46 silly mapToRegistry uri https://registry.npmjs.org/phantomjs-prebuilt
47 verbose addNameRange registry:https://registry.npmjs.org/phantomjs-prebuilt not in flight; fetching
48 verbose get https://registry.npmjs.org/phantomjs-prebuilt not expired, no request
49 silly addNameRange number 2 { name: 'phantomjs-prebuilt',
49 silly addNameRange   range: '>=2.1.16 <3.0.0',
49 silly addNameRange   hasData: true }
50 silly addNameRange versions [ 'phantomjs-prebuilt',
50 silly addNameRange   [ '2.1.2',
50 silly addNameRange     '2.1.3',
50 silly addNameRange     '2.1.4',
50 silly addNameRange     '2.1.5',
50 silly addNameRange     '2.1.6',
50 silly addNameRange     '2.1.7',
50 silly addNameRange     '2.1.8',
50 silly addNameRange     '2.1.9',
50 silly addNameRange     '2.1.10',
50 silly addNameRange     '2.1.11-alpha',
50 silly addNameRange     '2.1.11-alpha.1',
50 silly addNameRange     '2.1.11',
50 silly addNameRange     '2.1.12-alpha',
50 silly addNameRange     '2.1.12',
50 silly addNameRange     '2.1.13',
50 silly addNameRange     '2.1.14',
50 silly addNameRange     '2.1.15',
50 silly addNameRange     '2.1.16' ] ]
51 silly addNamed phantomjs-prebuilt@2.1.16
52 verbose addNamed "2.1.16" is a plain semver version for phantomjs-prebuilt
53 silly mapToRegistry name phantomjs-prebuilt
54 silly mapToRegistry using default registry
55 silly mapToRegistry registry https://registry.npmjs.org/
56 silly mapToRegistry uri https://registry.npmjs.org/phantomjs-prebuilt
57 verbose addRemoteTarball https://registry.npmjs.org/phantomjs-prebuilt/-/phantomjs-prebuilt-2.1.16.tgz not in flight; adding
58 verbose addRemoteTarball [ 'https://registry.npmjs.org/phantomjs-prebuilt/-/phantomjs-prebuilt-2.1.16.tgz',
58 verbose addRemoteTarball   'efd212a4a3966d3647684ea8ba788549be2aefef' ]
59 info retry fetch attempt 1 at 2:09:14 AM
60 info attempt registry request try #1 at 2:09:14 AM
61 http fetch GET https://registry.npmjs.org/phantomjs-prebuilt/-/phantomjs-prebuilt-2.1.16.tgz
62 http fetch 200 https://registry.npmjs.org/phantomjs-prebuilt/-/phantomjs-prebuilt-2.1.16.tgz
63 silly fetchAndShaCheck shasum efd212a4a3966d3647684ea8ba788549be2aefef
64 verbose addTmpTarball /tmp/npm-1080-5ff01c0f/registry.npmjs.org/phantomjs-prebuilt/-/phantomjs-prebuilt-2.1.16.tgz not in flight; adding
65 verbose addTmpTarball already have metadata; skipping unpack for phantomjs-prebuilt@2.1.16
66 silly cache afterAdd phantomjs-prebuilt@2.1.16
67 verbose afterAdd /root/.npm/phantomjs-prebuilt/2.1.16/package/package.json not in flight; writing
68 verbose afterAdd /root/.npm/phantomjs-prebuilt/2.1.16/package/package.json written
69 silly loadAllDepsIntoIdealTree Finishing
70 silly idealTree:prePrune big_earl@
70 silly idealTree:prePrune ├── ajv@5.5.2
70 silly idealTree:prePrune ├── asn1@0.2.3
70 silly idealTree:prePrune ├── assert-plus@1.0.0
70 silly idealTree:prePrune ├── asynckit@0.4.0
70 silly idealTree:prePrune ├── aws-sign2@0.7.0
70 silly idealTree:prePrune ├── aws4@1.6.0
70 silly idealTree:prePrune ├── bcrypt-pbkdf@1.0.1
70 silly idealTree:prePrune ├── boom@4.3.1
70 silly idealTree:prePrune ├── caseless@0.12.0
70 silly idealTree:prePrune ├── co@4.6.0
70 silly idealTree:prePrune ├── combined-stream@1.0.6
70 silly idealTree:prePrune ├── concat-stream@1.6.0
70 silly idealTree:prePrune ├── core-util-is@1.0.2
70 silly idealTree:prePrune ├─┬ cryptiles@3.1.2
70 silly idealTree:prePrune │ └── boom@5.2.0
70 silly idealTree:prePrune ├── dashdash@1.14.1
70 silly idealTree:prePrune ├── debug@2.6.9
70 silly idealTree:prePrune ├── delayed-stream@1.0.0
70 silly idealTree:prePrune ├── ecc-jsbn@0.1.1
70 silly idealTree:prePrune ├── es6-promise@4.2.4
70 silly idealTree:prePrune ├── extend@3.0.1
70 silly idealTree:prePrune ├── extract-zip@1.6.6
70 silly idealTree:prePrune ├── extsprintf@1.3.0
70 silly idealTree:prePrune ├── fast-deep-equal@1.1.0
70 silly idealTree:prePrune ├── fast-json-stable-stringify@2.0.0
70 silly idealTree:prePrune ├── fd-slicer@1.0.1
70 silly idealTree:prePrune ├── forever-agent@0.6.1
70 silly idealTree:prePrune ├── form-data@2.3.2
70 silly idealTree:prePrune ├── fs-extra@1.0.0
70 silly idealTree:prePrune ├── getpass@0.1.7
70 silly idealTree:prePrune ├── graceful-fs@4.1.11
70 silly idealTree:prePrune ├── har-schema@2.0.0
70 silly idealTree:prePrune ├── har-validator@5.0.3
70 silly idealTree:prePrune ├── hasha@2.2.0
70 silly idealTree:prePrune ├── hawk@6.0.2
70 silly idealTree:prePrune ├── hoek@4.2.1
70 silly idealTree:prePrune ├── http-signature@1.2.0
70 silly idealTree:prePrune ├── inherits@2.0.3
70 silly idealTree:prePrune ├── is-stream@1.1.0
70 silly idealTree:prePrune ├── is-typedarray@1.0.0
70 silly idealTree:prePrune ├── isarray@1.0.0
70 silly idealTree:prePrune ├── isexe@2.0.0
70 silly idealTree:prePrune ├── isstream@0.1.2
70 silly idealTree:prePrune ├── jsbn@0.1.1
70 silly idealTree:prePrune ├── json-schema-traverse@0.3.1
70 silly idealTree:prePrune ├── json-schema@0.2.3
70 silly idealTree:prePrune ├── json-stringify-safe@5.0.1
70 silly idealTree:prePrune ├── jsonfile@2.4.0
70 silly idealTree:prePrune ├── jsprim@1.4.1
70 silly idealTree:prePrune ├── kew@0.7.0
70 silly idealTree:prePrune ├── klaw@1.3.1
70 silly idealTree:prePrune ├── mime-db@1.33.0
70 silly idealTree:prePrune ├── mime-types@2.1.18
70 silly idealTree:prePrune ├── minimist@0.0.8
70 silly idealTree:prePrune ├── mkdirp@0.5.0
70 silly idealTree:prePrune ├── ms@2.0.0
70 silly idealTree:prePrune ├── oauth-sign@0.8.2
70 silly idealTree:prePrune ├── pend@1.2.0
70 silly idealTree:prePrune ├── performance-now@2.1.0
70 silly idealTree:prePrune ├── phantomjs-prebuilt@2.1.16
70 silly idealTree:prePrune ├── pinkie-promise@2.0.1
70 silly idealTree:prePrune ├── pinkie@2.0.4
70 silly idealTree:prePrune ├── process-nextick-args@2.0.0
70 silly idealTree:prePrune ├── progress@1.1.8
70 silly idealTree:prePrune ├── punycode@1.4.1
70 silly idealTree:prePrune ├── qs@6.5.1
70 silly idealTree:prePrune ├── readable-stream@2.3.5
70 silly idealTree:prePrune ├── request-progress@2.0.1
70 silly idealTree:prePrune ├── request@2.85.0
70 silly idealTree:prePrune ├── safe-buffer@5.1.1
70 silly idealTree:prePrune ├── sntp@2.1.0
70 silly idealTree:prePrune ├── sshpk@1.14.1
70 silly idealTree:prePrune ├── string_decoder@1.0.3
70 silly idealTree:prePrune ├── stringstream@0.0.5
70 silly idealTree:prePrune ├── throttleit@1.0.0
70 silly idealTree:prePrune ├── tough-cookie@2.3.4
70 silly idealTree:prePrune ├── tunnel-agent@0.6.0
70 silly idealTree:prePrune ├── tweetnacl@0.14.5
70 silly idealTree:prePrune ├── typedarray@0.0.6
70 silly idealTree:prePrune ├── util-deprecate@1.0.2
70 silly idealTree:prePrune ├── uuid@3.2.1
70 silly idealTree:prePrune ├── verror@1.10.0
70 silly idealTree:prePrune ├── which@1.3.0
70 silly idealTree:prePrune └── yauzl@2.4.1
71 silly loadIdealTree Finishing
72 silly currentTree big_earl@
72 silly currentTree ├── ajv@5.5.2
72 silly currentTree ├── asn1@0.2.3
72 silly currentTree ├── assert-plus@1.0.0
72 silly currentTree ├── asynckit@0.4.0
72 silly currentTree ├── aws-sign2@0.7.0
72 silly currentTree ├── aws4@1.6.0
72 silly currentTree ├── bcrypt-pbkdf@1.0.1
72 silly currentTree ├── boom@4.3.1
72 silly currentTree ├── caseless@0.12.0
72 silly currentTree ├── co@4.6.0
72 silly currentTree ├── combined-stream@1.0.6
72 silly currentTree ├── concat-stream@1.6.0
72 silly currentTree ├── core-util-is@1.0.2
72 silly currentTree ├─┬ cryptiles@3.1.2
72 silly currentTree │ └── boom@5.2.0
72 silly currentTree ├── dashdash@1.14.1
72 silly currentTree ├── debug@2.6.9
72 silly currentTree ├── delayed-stream@1.0.0
72 silly currentTree ├── ecc-jsbn@0.1.1
72 silly currentTree ├── es6-promise@4.2.4
72 silly currentTree ├── extend@3.0.1
72 silly currentTree ├── extract-zip@1.6.6
72 silly currentTree ├── extsprintf@1.3.0
72 silly currentTree ├── fast-deep-equal@1.1.0
72 silly currentTree ├── fast-json-stable-stringify@2.0.0
72 silly currentTree ├── fd-slicer@1.0.1
72 silly currentTree ├── forever-agent@0.6.1
72 silly currentTree ├── form-data@2.3.2
72 silly currentTree ├── fs-extra@1.0.0
72 silly currentTree ├── getpass@0.1.7
72 silly currentTree ├── graceful-fs@4.1.11
72 silly currentTree ├── har-schema@2.0.0
72 silly currentTree ├── har-validator@5.0.3
72 silly currentTree ├── hasha@2.2.0
72 silly currentTree ├── hawk@6.0.2
72 silly currentTree ├── hoek@4.2.1
72 silly currentTree ├── http-signature@1.2.0
72 silly currentTree ├── inherits@2.0.3
72 silly currentTree ├── is-stream@1.1.0
72 silly currentTree ├── is-typedarray@1.0.0
72 silly currentTree ├── isarray@1.0.0
72 silly currentTree ├── isexe@2.0.0
72 silly currentTree ├── isstream@0.1.2
72 silly currentTree ├── jsbn@0.1.1
72 silly currentTree ├── json-schema-traverse@0.3.1
72 silly currentTree ├── json-schema@0.2.3
72 silly currentTree ├── json-stringify-safe@5.0.1
72 silly currentTree ├── jsonfile@2.4.0
72 silly currentTree ├── jsprim@1.4.1
72 silly currentTree ├── kew@0.7.0
72 silly currentTree ├── klaw@1.3.1
72 silly currentTree ├── mime-db@1.33.0
72 silly currentTree ├── mime-types@2.1.18
72 silly currentTree ├── minimist@0.0.8
72 silly currentTree ├── mkdirp@0.5.0
72 silly currentTree ├── ms@2.0.0
72 silly currentTree ├── oauth-sign@0.8.2
72 silly currentTree ├── pend@1.2.0
72 silly currentTree ├── performance-now@2.1.0
72 silly currentTree ├── pinkie-promise@2.0.1
72 silly currentTree ├── pinkie@2.0.4
72 silly currentTree ├── process-nextick-args@2.0.0
72 silly currentTree ├── progress@1.1.8
72 silly currentTree ├── punycode@1.4.1
72 silly currentTree ├── qs@6.5.1
72 silly currentTree ├── readable-stream@2.3.5
72 silly currentTree ├── request-progress@2.0.1
72 silly currentTree ├── request@2.85.0
72 silly currentTree ├── safe-buffer@5.1.1
72 silly currentTree ├── sntp@2.1.0
72 silly currentTree ├── sshpk@1.14.1
72 silly currentTree ├── string_decoder@1.0.3
72 silly currentTree ├── stringstream@0.0.5
72 silly currentTree ├── throttleit@1.0.0
72 silly currentTree ├── tough-cookie@2.3.4
72 silly currentTree ├── tunnel-agent@0.6.0
72 silly currentTree ├── tweetnacl@0.14.5
72 silly currentTree ├── typedarray@0.0.6
72 silly currentTree ├── util-deprecate@1.0.2
72 silly currentTree ├── uuid@3.2.1
72 silly currentTree ├── verror@1.10.0
72 silly currentTree ├── which@1.3.0
72 silly currentTree └── yauzl@2.4.1
73 silly idealTree big_earl@
73 silly idealTree ├── ajv@5.5.2
73 silly idealTree ├── asn1@0.2.3
73 silly idealTree ├── assert-plus@1.0.0
73 silly idealTree ├── asynckit@0.4.0
73 silly idealTree ├── aws-sign2@0.7.0
73 silly idealTree ├── aws4@1.6.0
73 silly idealTree ├── bcrypt-pbkdf@1.0.1
73 silly idealTree ├── boom@4.3.1
73 silly idealTree ├── caseless@0.12.0
73 silly idealTree ├── co@4.6.0
73 silly idealTree ├── combined-stream@1.0.6
73 silly idealTree ├── concat-stream@1.6.0
73 silly idealTree ├── core-util-is@1.0.2
73 silly idealTree ├─┬ cryptiles@3.1.2
73 silly idealTree │ └── boom@5.2.0
73 silly idealTree ├── dashdash@1.14.1
73 silly idealTree ├── debug@2.6.9
73 silly idealTree ├── delayed-stream@1.0.0
73 silly idealTree ├── ecc-jsbn@0.1.1
73 silly idealTree ├── es6-promise@4.2.4
73 silly idealTree ├── extend@3.0.1
73 silly idealTree ├── extract-zip@1.6.6
73 silly idealTree ├── extsprintf@1.3.0
73 silly idealTree ├── fast-deep-equal@1.1.0
73 silly idealTree ├── fast-json-stable-stringify@2.0.0
73 silly idealTree ├── fd-slicer@1.0.1
73 silly idealTree ├── forever-agent@0.6.1
73 silly idealTree ├── form-data@2.3.2
73 silly idealTree ├── fs-extra@1.0.0
73 silly idealTree ├── getpass@0.1.7
73 silly idealTree ├── graceful-fs@4.1.11
73 silly idealTree ├── har-schema@2.0.0
73 silly idealTree ├── har-validator@5.0.3
73 silly idealTree ├── hasha@2.2.0
73 silly idealTree ├── hawk@6.0.2
73 silly idealTree ├── hoek@4.2.1
73 silly idealTree ├── http-signature@1.2.0
73 silly idealTree ├── inherits@2.0.3
73 silly idealTree ├── is-stream@1.1.0
73 silly idealTree ├── is-typedarray@1.0.0
73 silly idealTree ├── isarray@1.0.0
73 silly idealTree ├── isexe@2.0.0
73 silly idealTree ├── isstream@0.1.2
73 silly idealTree ├── jsbn@0.1.1
73 silly idealTree ├── json-schema-traverse@0.3.1
73 silly idealTree ├── json-schema@0.2.3
73 silly idealTree ├── json-stringify-safe@5.0.1
73 silly idealTree ├── jsonfile@2.4.0
73 silly idealTree ├── jsprim@1.4.1
73 silly idealTree ├── kew@0.7.0
73 silly idealTree ├── klaw@1.3.1
73 silly idealTree ├── mime-db@1.33.0
73 silly idealTree ├── mime-types@2.1.18
73 silly idealTree ├── minimist@0.0.8
73 silly idealTree ├── mkdirp@0.5.0
73 silly idealTree ├── ms@2.0.0
73 silly idealTree ├── oauth-sign@0.8.2
73 silly idealTree ├── pend@1.2.0
73 silly idealTree ├── performance-now@2.1.0
73 silly idealTree ├── phantomjs-prebuilt@2.1.16
73 silly idealTree ├── pinkie-promise@2.0.1
73 silly idealTree ├── pinkie@2.0.4
73 silly idealTree ├── process-nextick-args@2.0.0
73 silly idealTree ├── progress@1.1.8
73 silly idealTree ├── punycode@1.4.1
73 silly idealTree ├── qs@6.5.1
73 silly idealTree ├── readable-stream@2.3.5
73 silly idealTree ├── request-progress@2.0.1
73 silly idealTree ├── request@2.85.0
73 silly idealTree ├── safe-buffer@5.1.1
73 silly idealTree ├── sntp@2.1.0
73 silly idealTree ├── sshpk@1.14.1
73 silly idealTree ├── string_decoder@1.0.3
73 silly idealTree ├── stringstream@0.0.5
73 silly idealTree ├── throttleit@1.0.0
73 silly idealTree ├── tough-cookie@2.3.4
73 silly idealTree ├── tunnel-agent@0.6.0
73 silly idealTree ├── tweetnacl@0.14.5
73 silly idealTree ├── typedarray@0.0.6
73 silly idealTree ├── util-deprecate@1.0.2
73 silly idealTree ├── uuid@3.2.1
73 silly idealTree ├── verror@1.10.0
73 silly idealTree ├── which@1.3.0
73 silly idealTree └── yauzl@2.4.1
74 silly generateActionsToTake Starting
75 silly install generateActionsToTake
76 silly generateActionsToTake Finishing
77 silly diffTrees action count 1
78 silly diffTrees add phantomjs-prebuilt@2.1.16
79 silly decomposeActions action count 8
80 silly decomposeActions fetch phantomjs-prebuilt@2.1.16
81 silly decomposeActions extract phantomjs-prebuilt@2.1.16
82 silly decomposeActions test phantomjs-prebuilt@2.1.16
83 silly decomposeActions preinstall phantomjs-prebuilt@2.1.16
84 silly decomposeActions build phantomjs-prebuilt@2.1.16
85 silly decomposeActions install phantomjs-prebuilt@2.1.16
86 silly decomposeActions postinstall phantomjs-prebuilt@2.1.16
87 silly decomposeActions finalize phantomjs-prebuilt@2.1.16
88 silly executeActions Starting
89 silly install executeActions
90 silly doSerial global-install 0
91 silly doParallel fetch 1
92 verbose lock using /root/.npm/_locks/staging-439d0dfaa0b832d2.lock for /src/big-earl/node_modules/.staging
93 silly doParallel extract 1
94 silly extract phantomjs-prebuilt@2.1.16
95 verbose unbuild node_modules/.staging/phantomjs-prebuilt-cc0e314e
96 silly gentlyRm /src/big-earl/node_modules/.staging/phantomjs-prebuilt-cc0e314e is being purged from base /src/big-earl
97 verbose gentlyRm don't care about contents; nuking /src/big-earl/node_modules/.staging/phantomjs-prebuilt-cc0e314e
98 verbose tar unpack /root/.npm/phantomjs-prebuilt/2.1.16/package.tgz
99 verbose tar unpacking to /src/big-earl/node_modules/.staging/phantomjs-prebuilt-cc0e314e
100 silly gentlyRm /src/big-earl/node_modules/.staging/phantomjs-prebuilt-cc0e314e is being purged
101 verbose gentlyRm don't care about contents; nuking /src/big-earl/node_modules/.staging/phantomjs-prebuilt-cc0e314e
102 silly gunzTarPerm modes [ '755', '644' ]
103 silly gunzTarPerm extractEntry package.json
104 silly gunzTarPerm extractEntry .npmignore
105 silly gunzTarPerm extractEntry README.md
106 silly gunzTarPerm extractEntry install.js
107 silly gunzTarPerm extractEntry .travis.yml
108 silly gunzTarPerm extractEntry LICENSE.txt
109 silly gunzTarPerm extractEntry .eslintrc
110 silly gunzTarPerm extractEntry bin/phantomjs
111 silly gunzTarPerm extractEntry .eslintignore
112 silly gunzTarPerm extractEntry lib/phantomjs.js
113 silly gunzTarPerm extractEntry lib/util.js
114 silly gunzTarPerm extractEntry .jshintrc
115 silly gunzTarPerm extractEntry test/exit.js
116 silly gunzTarPerm extractEntry test/loadspeed.js
117 silly gunzTarPerm extractEntry test/tests.js
118 silly gentlyRm /src/big-earl/node_modules/.staging/phantomjs-prebuilt-cc0e314e/node_modules is being purged
119 verbose gentlyRm don't care about contents; nuking /src/big-earl/node_modules/.staging/phantomjs-prebuilt-cc0e314e/node_modules
120 silly doParallel preinstall 1
121 silly preinstall phantomjs-prebuilt@2.1.16 /src/big-earl/node_modules/.staging/phantomjs-prebuilt-cc0e314e
122 info lifecycle phantomjs-prebuilt@2.1.16~preinstall: phantomjs-prebuilt@2.1.16
123 silly lifecycle phantomjs-prebuilt@2.1.16~preinstall: no script for preinstall, continuing
124 silly doReverseSerial remove 0
125 silly doSerial move 0
126 silly doSerial finalize 1
127 silly finalize /src/big-earl/node_modules/phantomjs-prebuilt
128 silly doSerial build 1
129 silly build phantomjs-prebuilt@2.1.16
130 info linkStuff phantomjs-prebuilt@2.1.16
131 silly linkStuff phantomjs-prebuilt@2.1.16 has /src/big-earl/node_modules as its parent node_modules
132 verbose linkBins phantomjs-prebuilt@2.1.16
133 verbose link bins [ { phantomjs: './bin/phantomjs' },
133 verbose link bins   '/src/big-earl/node_modules/.bin',
133 verbose link bins   false ]
134 verbose linkMans phantomjs-prebuilt@2.1.16
135 silly doSerial global-link 0
136 silly doParallel update-linked 0
137 silly doSerial install 1
138 silly install phantomjs-prebuilt@2.1.16 /src/big-earl/node_modules/.staging/phantomjs-prebuilt-cc0e314e
139 info lifecycle phantomjs-prebuilt@2.1.16~install: phantomjs-prebuilt@2.1.16
140 verbose lifecycle phantomjs-prebuilt@2.1.16~install: unsafe-perm in lifecycle false
141 verbose lifecycle phantomjs-prebuilt@2.1.16~install: PATH: /usr/share/npm/bin/node-gyp-bin:/src/big-earl/node_modules/phantomjs-prebuilt/node_modules/.bin:/src/big-earl/node_modules/.bin:/usr/local/sbin:/usr/local/bin:/usr/sbin:/usr/bin:/sbin:/bin
142 verbose lifecycle phantomjs-prebuilt@2.1.16~install: CWD: /src/big-earl/node_modules/phantomjs-prebuilt
143 silly lifecycle phantomjs-prebuilt@2.1.16~install: Args: [ '-c', 'node install.js' ]
144 info lifecycle phantomjs-prebuilt@2.1.16~install: Failed to exec install script
145 verbose unlock done using /root/.npm/_locks/staging-439d0dfaa0b832d2.lock for /src/big-earl/node_modules/.staging
146 silly rollbackFailedOptional Starting
147 silly rollbackFailedOptional Finishing
148 silly runTopLevelLifecycles Starting
149 silly runTopLevelLifecycles Finishing
150 silly install printInstalled
151 verbose stack Error: phantomjs-prebuilt@2.1.16 install: `node install.js`
151 verbose stack spawn ENOENT
151 verbose stack     at ChildProcess.<anonymous> (/usr/share/npm/lib/utils/spawn.js:17:16)
151 verbose stack     at emitTwo (events.js:87:13)
151 verbose stack     at ChildProcess.emit (events.js:172:7)
151 verbose stack     at maybeClose (internal/child_process.js:821:16)
151 verbose stack     at Process.ChildProcess._handle.onexit (internal/child_process.js:211:5)
152 verbose pkgid phantomjs-prebuilt@2.1.16
153 verbose cwd /src/big-earl
154 error Linux 4.9.60-linuxkit-aufs
155 error argv "/usr/bin/nodejs" "/usr/bin/npm" "install"
156 error node v4.2.6
157 error npm  v3.5.2
158 error file sh
159 error code ELIFECYCLE
160 error errno ENOENT
161 error syscall spawn
162 error phantomjs-prebuilt@2.1.16 install: `node install.js`
162 error spawn ENOENT
163 error Failed at the phantomjs-prebuilt@2.1.16 install script 'node install.js'.
163 error Make sure you have the latest version of node.js and npm installed.
163 error If you do, this is most likely a problem with the phantomjs-prebuilt package,
163 error not with npm itself.
163 error Tell the author that this fails on your system:
163 error     node install.js
163 error You can get information on how to open an issue for this project with:
163 error     npm bugs phantomjs-prebuilt
163 error Or if that isn't available, you can get their info via:
163 error     npm owner ls phantomjs-prebuilt
163 error There is likely additional logging output above.
164 verbose exit [ 1, true ]
